[2026-02-28T09:40:36.414Z] [dev] [dev-local] Starting SwarmUI at http://127.0.0.1:4100 (tmp=C:\RIDER FINAL\TEST_RIDER_FINAL\.tmp\swarm-ui-dev, dist=C:\RIDER FINAL\TEST_RIDER_FINAL\.tmp\.next-dev)
[2026-02-28T09:40:42.772Z] [dev]  ○ Compiling /instrumentation ...
[2026-02-28T09:40:42.821Z] [dev]  ✓ Compiled /instrumentation in 1007ms (290 modules)
[2026-02-28T09:40:43.181Z] [dev] [telemetry] OpenTelemetry initialized for swarm-ui
[2026-02-28T09:40:43.182Z] [dev] [telemetry] Exporting traces to http://localhost:4318/v1/traces
[2026-02-28T09:40:43.199Z] [dev] [36mINFO [0m [ws-server] WebSocket server attached to HTTP server
[2026-02-28T09:40:43.200Z] [dev] [36mINFO [0m [ws-server] WebSocket endpoint {"path":"/api/ws"}
[2026-02-28T09:40:43.201Z] [dev] [36mINFO [0m [lsp-server] LSP WebSocket server initialized
[2026-02-28T09:40:43.203Z] [dev] [36mINFO [0m [server] SwarmUI ready on http://127.0.0.1:4100
[2026-02-28T09:40:43.203Z] [dev] [36mINFO [0m [server] WebSocket server attached to same port at /api/ws
[2026-02-28T09:40:43.204Z] [dev] [36mINFO [0m [server] LSP WebSocket server available at /api/lsp/ws
[2026-02-28T09:40:43.204Z] [dev] [36mINFO [0m [server] Mode: development
[2026-02-28T09:40:43.213Z] [dev] [36mINFO [0m [ws-server] Scheduler initialized and started
[2026-02-28T09:40:43.322Z] [dev] [36mINFO [0m [ws-server] Client connected (unauthenticated mode)
[2026-02-28T09:40:43.734Z] [dev]  ✓ Compiled /middleware in 247ms (237 modules)
[2026-02-28T09:40:43.859Z] [dev] {"level":"info","component":"middleware","message":"Request","data":{"timestamp":"2026-02-28T09:40:43.858Z","requestId":"0902d39f-860b-413b-a788-926a40378a2b","method":"GET","path":"/api/health/live","durationMs":1,"userAgent":"node","ip":"127.0.0.1"}}
[2026-02-28T09:40:44.305Z] [dev]  ✓ Compiled /api/health/live in 433ms (612 modules)
[2026-02-28T09:40:44.530Z] [dev]  GET /api/health/live 200 in 660ms
[2026-02-28T09:40:44.543Z] [dev] {"level":"info","component":"middleware","message":"Request","data":{"timestamp":"2026-02-28T09:40:44.542Z","requestId":"a26234d4-05c0-4223-ad93-14c0c0e85bb9","method":"GET","path":"/api/health/ready","durationMs":0,"userAgent":"node","ip":"127.0.0.1"}}
[2026-02-28T09:40:45.061Z] [dev]  ○ Compiling /api/health/ready ...
[2026-02-28T09:40:45.328Z] [dev]  ✓ Compiled /api/health/ready in 767ms (1094 modules)
[2026-02-28T09:40:45.707Z] Server ready at http://127.0.0.1:4100
[2026-02-28T09:40:45.707Z] Running mode case: chat
[2026-02-28T09:40:45.711Z] [dev]  GET /api/health/ready 200 in 1163ms
[2026-02-28T09:40:45.714Z] [dev] [36mINFO [0m [ws-server] Client connected (unauthenticated mode)
[2026-02-28T09:40:45.716Z] [dev:stderr] [33mWARN [0m [ws-server] Using dev profile fallback for unauthenticated websocket run {"userId":"69f39c52-7b3e-4db7-8b04-eeb14fe8aade"}
[2026-02-28T09:40:45.718Z] [dev] [36mINFO [0m [ws-server] start-swarm received {"sessionId":"chat-1772271645707-session","mode":"chat","agentSelectionMode":"auto","traceModeValidation":true,"prompt":"Answer in one concise sentence: what does this cha"}
[2026-02-28T09:40:46.002Z] [dev] {"level":"info","component":"middleware","message":"Request","data":{"timestamp":"2026-02-28T09:40:46.001Z","requestId":"27c701bb-e4ba-4702-b092-e65a632e8396","method":"GET","path":"/api/ws","durationMs":0,"ip":"127.0.0.1"}}
[2026-02-28T09:40:51.252Z] [dev:stderr] [33mWARN [0m [ws-server] Using dev profile fallback for unauthenticated websocket run {"userId":"69f39c52-7b3e-4db7-8b04-eeb14fe8aade"}
[2026-02-28T09:40:51.253Z] [dev] [36mINFO [0m [ws-server] start-swarm received {"sessionId":"chat-1772271645707-session","mode":"chat","agentSelectionMode":"auto","traceModeValidation":true,"prompt":"Answer in one concise sentence: what does this cha"}
[2026-02-28T09:40:55.185Z] [dev] [36mINFO [0m [ws-server] Client disconnected {"code":1005}
[2026-02-28T09:40:55.588Z] [dev] [36mINFO [0m [ws-server] Client connected (unauthenticated mode)
[2026-02-28T09:40:55.591Z] [dev:stderr] [33mWARN [0m [ws-server] Using dev profile fallback for unauthenticated websocket run {"userId":"69f39c52-7b3e-4db7-8b04-eeb14fe8aade"}
[2026-02-28T09:40:55.591Z] [dev] [36mINFO [0m [ws-server] start-swarm received {"sessionId":"chat-1772271645707-session","mode":"chat","agentSelectionMode":"auto","traceModeValidation":true,"prompt":"Answer in one concise sentence: what does this cha"}
[2026-02-28T09:40:55.858Z] [dev] {"level":"info","component":"middleware","message":"Request","data":{"timestamp":"2026-02-28T09:40:55.857Z","requestId":"e78bc37f-b367-4f3c-9dc6-1ee57d8f52a0","method":"GET","path":"/api/ws","durationMs":1,"ip":"127.0.0.1"}}
[2026-02-28T09:40:59.696Z] Mode chat passed
[2026-02-28T09:40:59.696Z] Running mode case: swarm
[2026-02-28T09:40:59.703Z] [dev] [36mINFO [0m [ws-server] Client connected (unauthenticated mode)
[2026-02-28T09:40:59.704Z] [dev:stderr] [33mWARN [0m [ws-server] Using dev profile fallback for unauthenticated websocket run {"userId":"69f39c52-7b3e-4db7-8b04-eeb14fe8aade"}
[2026-02-28T09:40:59.705Z] [dev] [36mINFO [0m [ws-server] start-swarm received {"sessionId":"swarm-1772271659696-session","mode":"swarm","agentSelectionMode":"auto","traceModeValidation":true,"prompt":"Reply with one concise line that includes the word"}
[2026-02-28T09:40:59.949Z] [dev] [36mINFO [0m [ws-server] Client disconnected {"code":1005}
[2026-02-28T09:40:59.973Z] [dev] {"level":"info","component":"middleware","message":"Request","data":{"timestamp":"2026-02-28T09:40:59.972Z","requestId":"8fe216ec-39ae-4566-bef2-1c1551c82da3","method":"GET","path":"/api/ws","durationMs":0,"ip":"127.0.0.1"}}
[2026-02-28T09:42:34.880Z] [dev:stderr] [33mWARN [0m [ws-server] Using dev profile fallback for unauthenticated websocket run {"userId":"69f39c52-7b3e-4db7-8b04-eeb14fe8aade"}
[2026-02-28T09:42:34.880Z] [dev] [36mINFO [0m [ws-server] start-swarm received {"sessionId":"swarm-1772271659696-session","mode":"swarm","agentSelectionMode":"auto","traceModeValidation":true,"prompt":"Reply with one concise line that includes the word"}
[2026-02-28T09:44:05.946Z] [dev] [36mINFO [0m [ws-server] Client disconnected {"code":1005}
[2026-02-28T09:44:06.341Z] [dev] [36mINFO [0m [ws-server] Client connected (unauthenticated mode)
[2026-02-28T09:44:06.343Z] [dev:stderr] [33mWARN [0m [ws-server] Using dev profile fallback for unauthenticated websocket run {"userId":"69f39c52-7b3e-4db7-8b04-eeb14fe8aade"}
[2026-02-28T09:44:06.344Z] [dev] [36mINFO [0m [ws-server] start-swarm received {"sessionId":"swarm-1772271659696-session","mode":"swarm","agentSelectionMode":"auto","traceModeValidation":true,"prompt":"Reply with one concise line that includes the word"}
[2026-02-28T09:44:06.607Z] [dev] {"level":"info","component":"middleware","message":"Request","data":{"timestamp":"2026-02-28T09:44:06.606Z","requestId":"3129c569-df98-4539-b589-3997e310fbda","method":"GET","path":"/api/ws","durationMs":0,"ip":"127.0.0.1"}}
[2026-02-28T09:45:36.777Z] Mode swarm passed
[2026-02-28T09:45:36.777Z] Running mode case: project
[2026-02-28T09:45:36.785Z] [dev] [36mINFO [0m [ws-server] Client connected (unauthenticated mode)
[2026-02-28T09:45:36.787Z] [dev:stderr] [33mWARN [0m [ws-server] Using dev profile fallback for unauthenticated websocket run {"userId":"69f39c52-7b3e-4db7-8b04-eeb14fe8aade"}
[2026-02-28T09:45:36.787Z] [dev] [36mINFO [0m [ws-server] start-swarm received {"sessionId":"project-1772271936777-session","mode":"project","agentSelectionMode":"auto","traceModeValidation":true,"prompt":"Reply with one concise line that includes PHASES, "}
[2026-02-28T09:45:37.033Z] [dev] [36mINFO [0m [ws-server] Client disconnected {"code":1005}
[2026-02-28T09:45:37.056Z] [dev] {"level":"info","component":"middleware","message":"Request","data":{"timestamp":"2026-02-28T09:45:37.055Z","requestId":"0b37a519-a870-4f95-9168-5c4840ba9971","method":"GET","path":"/api/ws","durationMs":0,"ip":"127.0.0.1"}}
[2026-02-28T09:46:53.704Z] [dev:stderr] [33mWARN [0m [ws-server] Using dev profile fallback for unauthenticated websocket run {"userId":"69f39c52-7b3e-4db7-8b04-eeb14fe8aade"}
[2026-02-28T09:46:53.705Z] [dev] [36mINFO [0m [ws-server] start-swarm received {"sessionId":"project-1772271936777-session","mode":"project","agentSelectionMode":"auto","traceModeValidation":true,"prompt":"Reply with one concise line that includes PHASES, "}
[2026-02-28T09:48:30.724Z] [dev] [36mINFO [0m [ws-server] Client disconnected {"code":1005}
[2026-02-28T09:48:31.128Z] [dev] [36mINFO [0m [ws-server] Client connected (unauthenticated mode)
[2026-02-28T09:48:31.130Z] [dev:stderr] [33mWARN [0m [ws-server] Using dev profile fallback for unauthenticated websocket run {"userId":"69f39c52-7b3e-4db7-8b04-eeb14fe8aade"}
[2026-02-28T09:48:31.130Z] [dev] [36mINFO [0m [ws-server] start-swarm received {"sessionId":"project-1772271936777-session","mode":"project","agentSelectionMode":"auto","traceModeValidation":true,"prompt":"Reply with one concise line that includes PHASES, "}
[2026-02-28T09:48:31.401Z] [dev] {"level":"info","component":"middleware","message":"Request","data":{"timestamp":"2026-02-28T09:48:31.401Z","requestId":"0506ec29-1503-482e-9cfc-a612ee8c842e","method":"GET","path":"/api/ws","durationMs":0,"ip":"127.0.0.1"}}
[2026-02-28T09:49:49.077Z] Mode project passed
