[2026-02-28T00:28:42.595Z] in-app-agent-check configured=0/3
[2026-02-28T00:28:42.640Z] [dev] [dev-local] Starting SwarmUI at http://127.0.0.1:57106 (tmp=C:\Users\roryb\AppData\Local\Temp\swarm-ui-dev, dist=C:\RIDER FINAL\TEST_RIDER_FINAL\.tmp\.next-dev)
[2026-02-28T00:28:49.418Z] [dev]  ○ Compiling /instrumentation ...
[2026-02-28T00:28:49.498Z] [dev]  ✓ Compiled /instrumentation in 1096ms (290 modules)
[2026-02-28T00:28:49.849Z] [dev] [telemetry] OpenTelemetry initialized for swarm-ui
[2026-02-28T00:28:49.849Z] [dev] [telemetry] Exporting traces to http://localhost:4318/v1/traces
[2026-02-28T00:28:49.870Z] [dev] [36mINFO [0m [ws-server] WebSocket server attached to HTTP server
[2026-02-28T00:28:49.871Z] [dev] [36mINFO [0m [ws-server] WebSocket endpoint {"path":"/api/ws"}
[2026-02-28T00:28:49.873Z] [dev] [36mINFO [0m [lsp-server] LSP WebSocket server initialized
[2026-02-28T00:28:49.876Z] [dev] [36mINFO [0m [server] SwarmUI ready on http://127.0.0.1:57106
[2026-02-28T00:28:49.877Z] [dev] [36mINFO [0m [server] WebSocket server attached to same port at /api/ws
[2026-02-28T00:28:49.877Z] [dev] [36mINFO [0m [server] LSP WebSocket server available at /api/lsp/ws
[2026-02-28T00:28:49.878Z] [dev] [36mINFO [0m [server] Mode: development
[2026-02-28T00:28:49.880Z] [dev] [36mINFO [0m [ws-server] Scheduler initialized and started
[2026-02-28T00:28:50.916Z] [dev]  ✓ Compiled /middleware in 209ms (160 modules)
[2026-02-28T00:28:51.037Z] [dev] {"level":"info","component":"middleware","message":"Request","data":{"timestamp":"2026-02-28T00:28:51.037Z","requestId":"01fd0e7e-3c25-4e92-969d-a5f45915c87c","method":"GET","path":"/api/health/live","durationMs":2,"userAgent":"node","ip":"127.0.0.1"}}
[2026-02-28T00:28:51.576Z] [dev]  ○ Compiling /api/health/live ...
[2026-02-28T00:28:51.702Z] [dev]  ✓ Compiled /api/health/live in 655ms (612 modules)
[2026-02-28T00:28:51.935Z] [dev]  GET /api/health/live 200 in 889ms
[2026-02-28T00:28:51.967Z] [dev] {"level":"info","component":"middleware","message":"Request","data":{"timestamp":"2026-02-28T00:28:51.966Z","requestId":"48bea409-b3f4-4496-bac8-1f2a53f2a3a1","method":"GET","path":"/api/health/ready","durationMs":0,"userAgent":"node","ip":"127.0.0.1"}}
[2026-02-28T00:28:52.507Z] [dev]  ○ Compiling /api/health/ready ...
[2026-02-28T00:28:52.926Z] [dev]  ✓ Compiled /api/health/ready in 922ms (1095 modules)
[2026-02-28T00:28:53.301Z] server-started http://127.0.0.1:57106
[2026-02-28T00:28:53.305Z] [dev]  GET /api/health/ready 200 in 1331ms
[2026-02-28T00:28:53.308Z] [dev] [36mINFO [0m [ws-server] Client connected (unauthenticated mode)
[2026-02-28T00:28:53.311Z] [dev] [36mINFO [0m [ws-server] start-swarm received {"sessionId":"chat-1772238533308-session","mode":"chat","agentSelectionMode":"auto","traceModeValidation":true,"prompt":"Give one concise sentence confirming chat-mode res"}
[2026-02-28T00:28:53.471Z] [dev] {"level":"info","component":"middleware","message":"Request","data":{"timestamp":"2026-02-28T00:28:53.471Z","requestId":"e7fd94ef-438f-4671-9d15-46fb32f664b0","method":"GET","path":"/api/ws","durationMs":0,"ip":"127.0.0.1"}}
[2026-02-28T00:28:53.657Z] [dev] [36mINFO [0m [ws-server] Client connected (unauthenticated mode)
[2026-02-28T00:28:53.659Z] [dev] [36mINFO [0m [ws-server] start-swarm received {"sessionId":"swarm-1772238533657-session","mode":"swarm","agentSelectionMode":"auto","traceModeValidation":true,"prompt":"Execute a multi-step orchestration summary: analyz"}
[2026-02-28T00:28:53.760Z] [dev] [36mINFO [0m [ws-server] Client disconnected {"code":1005}
[2026-02-28T00:28:53.789Z] [dev] {"level":"info","component":"middleware","message":"Request","data":{"timestamp":"2026-02-28T00:28:53.789Z","requestId":"0d22a06c-66dd-4574-b125-fc5c2658d4a4","method":"GET","path":"/api/ws","durationMs":0,"ip":"127.0.0.1"}}
[2026-02-28T00:29:52.034Z] [dev] [36mINFO [0m [ws-server] Client connected (unauthenticated mode)
[2026-02-28T00:29:52.038Z] [dev] [36mINFO [0m [ws-server] start-swarm received {"sessionId":"project-1772238592034-session","mode":"project","agentSelectionMode":"auto","traceModeValidation":true,"prompt":"Create a build planning output with phases, tasks,"}
[2026-02-28T00:29:52.157Z] [dev] [36mINFO [0m [ws-server] Client disconnected {"code":1005}
[2026-02-28T00:29:52.205Z] [dev] {"level":"info","component":"middleware","message":"Request","data":{"timestamp":"2026-02-28T00:29:52.204Z","requestId":"15e45a4e-acb8-42b0-ba4c-b8ece4711a78","method":"GET","path":"/api/ws","durationMs":0,"ip":"127.0.0.1"}}
[2026-02-28T00:30:49.572Z] [dev] [36mINFO [0m [ws-server] Client connected (unauthenticated mode)
[2026-02-28T00:30:49.573Z] [dev] [36mINFO [0m [ws-server] start-swarm received {"sessionId":"chat-1772238649571-session","mode":"chat","agentSelectionMode":"auto","traceModeValidation":true,"prompt":"Repeat run reliability check: return one concise s"}
[2026-02-28T00:30:49.667Z] [dev] [36mINFO [0m [ws-server] Client disconnected {"code":1005}
[2026-02-28T00:30:49.699Z] [dev] {"level":"info","component":"middleware","message":"Request","data":{"timestamp":"2026-02-28T00:30:49.699Z","requestId":"bca2b5ad-3ece-4824-be22-8cafb55f0c47","method":"GET","path":"/api/ws","durationMs":0,"ip":"127.0.0.1"}}
[2026-02-28T00:30:49.867Z] [dev] [36mINFO [0m [ws-server] Client disconnected {"code":1005}
[2026-02-28T00:30:50.318Z] [dev] [dev-local] Starting SwarmUI at http://127.0.0.1:57592 (tmp=C:\Users\roryb\AppData\Local\Temp\swarm-ui-dev, dist=C:\RIDER FINAL\TEST_RIDER_FINAL\.tmp\.next-dev)
[2026-02-28T00:30:56.666Z] [dev]  ○ Compiling /instrumentation ...
[2026-02-28T00:30:56.743Z] [dev]  ✓ Compiled /instrumentation in 1072ms (290 modules)
[2026-02-28T00:30:57.085Z] [dev] [telemetry] OpenTelemetry initialized for swarm-ui
[2026-02-28T00:30:57.086Z] [dev] [telemetry] Exporting traces to http://localhost:4318/v1/traces
[2026-02-28T00:30:57.102Z] [dev] [36mINFO [0m [ws-server] WebSocket server attached to HTTP server
[2026-02-28T00:30:57.103Z] [dev] [36mINFO [0m [ws-server] WebSocket endpoint {"path":"/api/ws"}
[2026-02-28T00:30:57.104Z] [dev] [36mINFO [0m [lsp-server] LSP WebSocket server initialized
[2026-02-28T00:30:57.107Z] [dev] [36mINFO [0m [server] SwarmUI ready on http://127.0.0.1:57592
[2026-02-28T00:30:57.107Z] [dev] [36mINFO [0m [server] WebSocket server attached to same port at /api/ws
[2026-02-28T00:30:57.108Z] [dev] [36mINFO [0m [server] LSP WebSocket server available at /api/lsp/ws
[2026-02-28T00:30:57.109Z] [dev] [36mINFO [0m [server] Mode: development
[2026-02-28T00:30:57.110Z] [dev] [36mINFO [0m [ws-server] Scheduler initialized and started
[2026-02-28T00:30:57.502Z] [dev]  ✓ Compiled /middleware in 166ms (160 modules)
[2026-02-28T00:30:57.626Z] [dev] {"level":"info","component":"middleware","message":"Request","data":{"timestamp":"2026-02-28T00:30:57.625Z","requestId":"6d72e3fd-0d64-4502-be02-b6f2e0cd23c2","method":"GET","path":"/api/health/live","durationMs":2,"userAgent":"node","ip":"127.0.0.1"}}
[2026-02-28T00:30:58.102Z] [dev]  ✓ Compiled /api/health/live in 463ms (612 modules)
[2026-02-28T00:30:58.330Z] [dev]  GET /api/health/live 200 in 698ms
[2026-02-28T00:30:58.346Z] [dev] {"level":"info","component":"middleware","message":"Request","data":{"timestamp":"2026-02-28T00:30:58.345Z","requestId":"3b0ddbb8-783e-42cb-8b95-cea5ccd00724","method":"GET","path":"/api/health/ready","durationMs":1,"userAgent":"node","ip":"127.0.0.1"}}
[2026-02-28T00:30:58.865Z] [dev]  ○ Compiling /api/health/ready ...
[2026-02-28T00:30:59.323Z] [dev]  ✓ Compiled /api/health/ready in 961ms (1095 modules)
[2026-02-28T00:30:59.706Z] [dev]  GET /api/health/ready 200 in 1356ms
[2026-02-28T00:30:59.721Z] [dev] {"level":"info","component":"middleware","message":"Request","data":{"timestamp":"2026-02-28T00:30:59.720Z","requestId":"9fc236b5-640c-4295-a98f-008f7c014dd1","method":"POST","path":"/api/projects/project-v7-1772238649861/tickets","durationMs":0,"userAgent":"node","ip":"127.0.0.1"}}
[2026-02-28T00:31:00.034Z] [dev]  ✓ Compiled /api/projects/[id]/tickets in 295ms (1099 modules)
[2026-02-28T00:31:01.239Z] [dev]  POST /api/projects/project-v7-1772238649861/tickets 201 in 1511ms
[2026-02-28T00:31:01.255Z] [dev] {"level":"info","component":"middleware","message":"Request","data":{"timestamp":"2026-02-28T00:31:01.254Z","requestId":"c9dfe903-02f6-4bf8-a7bc-a9edda35d749","method":"PUT","path":"/api/projects/project-v7-1772238649861/tickets","durationMs":1,"userAgent":"node","ip":"127.0.0.1"}}
[2026-02-28T00:31:01.330Z] [dev]  PUT /api/projects/project-v7-1772238649861/tickets 200 in 60ms
[2026-02-28T00:31:01.341Z] [dev] {"level":"info","component":"middleware","message":"Request","data":{"timestamp":"2026-02-28T00:31:01.340Z","requestId":"237884bd-486a-47a5-83ad-5e13670a9793","method":"GET","path":"/api/projects/project-v7-1772238649861/prd","durationMs":0,"userAgent":"node","ip":"127.0.0.1"}}
[2026-02-28T00:31:01.857Z] [dev]  ○ Compiling /api/projects/[id]/prd ...
[2026-02-28T00:31:01.912Z] [dev]  ✓ Compiled /api/projects/[id]/prd in 555ms (1103 modules)
[2026-02-28T00:31:03.032Z] [dev]  GET /api/projects/project-v7-1772238649861/prd 200 in 1685ms
[2026-02-28T00:31:03.047Z] [dev] {"level":"info","component":"middleware","message":"Request","data":{"timestamp":"2026-02-28T00:31:03.046Z","requestId":"71d7451a-724a-43d4-8a80-a1ddc0f22249","method":"GET","path":"/api/projects/project-v7-1772238649861/prd-workflow","durationMs":0,"userAgent":"node","ip":"127.0.0.1"}}
[2026-02-28T00:31:03.271Z] [dev]  ✓ Compiled /api/projects/[id]/prd-workflow in 211ms (1106 modules)
[2026-02-28T00:31:04.326Z] [dev]  GET /api/projects/project-v7-1772238649861/prd-workflow 200 in 1273ms
[2026-02-28T00:31:04.772Z] [dev] [dev-local] Starting SwarmUI at http://127.0.0.1:57107 (tmp=C:\Users\roryb\AppData\Local\Temp\swarm-ui-dev, dist=C:\RIDER FINAL\TEST_RIDER_FINAL\.tmp\.next-dev)
[2026-02-28T00:31:11.320Z] [dev]  ○ Compiling /instrumentation ...
[2026-02-28T00:31:11.390Z] [dev]  ✓ Compiled /instrumentation in 1080ms (290 modules)
[2026-02-28T00:31:11.750Z] [dev] [telemetry] OpenTelemetry initialized for swarm-ui
[2026-02-28T00:31:11.750Z] [dev] [telemetry] Exporting traces to http://localhost:4318/v1/traces
[2026-02-28T00:31:11.770Z] [dev] [36mINFO [0m [ws-server] WebSocket server attached to HTTP server
[2026-02-28T00:31:11.771Z] [dev] [36mINFO [0m [ws-server] WebSocket endpoint {"path":"/api/ws"}
[2026-02-28T00:31:11.773Z] [dev] [36mINFO [0m [lsp-server] LSP WebSocket server initialized
[2026-02-28T00:31:11.776Z] [dev] [36mINFO [0m [server] SwarmUI ready on http://127.0.0.1:57107
[2026-02-28T00:31:11.776Z] [dev] [36mINFO [0m [server] WebSocket server attached to same port at /api/ws
[2026-02-28T00:31:11.777Z] [dev] [36mINFO [0m [server] LSP WebSocket server available at /api/lsp/ws
[2026-02-28T00:31:11.778Z] [dev] [36mINFO [0m [server] Mode: development
[2026-02-28T00:31:11.779Z] [dev] [36mINFO [0m [ws-server] Scheduler initialized and started
[2026-02-28T00:31:11.973Z] [dev]  ✓ Compiled /middleware in 166ms (160 modules)
[2026-02-28T00:31:12.116Z] [dev] {"level":"info","component":"middleware","message":"Request","data":{"timestamp":"2026-02-28T00:31:12.115Z","requestId":"63b0cb8e-0884-49c4-9299-abd57a39ae7f","method":"GET","path":"/api/health/live","durationMs":2,"userAgent":"node","ip":"127.0.0.1"}}
[2026-02-28T00:31:12.604Z] [dev]  ✓ Compiled /api/health/live in 475ms (612 modules)
[2026-02-28T00:31:12.842Z] [dev]  GET /api/health/live 200 in 719ms
[2026-02-28T00:31:12.856Z] [dev] {"level":"info","component":"middleware","message":"Request","data":{"timestamp":"2026-02-28T00:31:12.855Z","requestId":"06f700dc-9dc6-4713-a427-ecfa2da2c412","method":"GET","path":"/api/health/ready","durationMs":0,"userAgent":"node","ip":"127.0.0.1"}}
[2026-02-28T00:31:13.374Z] [dev]  ○ Compiling /api/health/ready ...
[2026-02-28T00:31:13.778Z] [dev]  ✓ Compiled /api/health/ready in 905ms (1095 modules)
[2026-02-28T00:31:14.164Z] [dev]  GET /api/health/ready 200 in 1307ms
[2026-02-28T00:31:14.178Z] [dev] {"level":"info","component":"middleware","message":"Request","data":{"timestamp":"2026-02-28T00:31:14.177Z","requestId":"25e7fc27-0b4c-4912-89dd-8f0648c5eb55","method":"GET","path":"/api/health/live","durationMs":0,"userAgent":"node","ip":"127.0.0.1"}}
[2026-02-28T00:31:14.220Z] [dev]  GET /api/health/live 200 in 41ms
[2026-02-28T00:31:14.229Z] [dev] {"level":"info","component":"middleware","message":"Request","data":{"timestamp":"2026-02-28T00:31:14.229Z","requestId":"343f18fe-c683-4923-b4b1-7670f055bf16","method":"GET","path":"/api/health/ready","durationMs":0,"userAgent":"node","ip":"127.0.0.1"}}
[2026-02-28T00:31:14.271Z] [dev]  GET /api/health/ready 200 in 41ms
[2026-02-28T00:31:14.281Z] [dev] {"level":"info","component":"middleware","message":"Request","data":{"timestamp":"2026-02-28T00:31:14.281Z","requestId":"64823124-6809-4a0f-b8a5-69c31ae4e11b","method":"GET","path":"/api/auth/session","durationMs":0,"userAgent":"node","ip":"127.0.0.1"}}
[2026-02-28T00:31:14.582Z] [dev]  ✓ Compiled /api/auth/[...nextauth] in 282ms (1097 modules)
[2026-02-28T00:31:15.775Z] [dev:stderr] [31m[auth][error][0m JWTSessionError: Read more at https://errors.authjs.dev#jwtsessionerror
[2026-02-28T00:31:15.775Z] [dev:stderr] [31m[auth][cause][0m: JWEInvalid: Invalid Compact JWE
    at compactDecrypt (webpack-internal:///(rsc)/./node_modules/jose/dist/webapi/jwe/compact/decrypt.js:20:15)
    at jwtDecrypt (webpack-internal:///(rsc)/./node_modules/jose/dist/webapi/jwt/decrypt.js:12:100)
    at Object.decode (webpack-internal:///(rsc)/./node_modules/@auth/core/jwt.js:82:79)
    at Module.session (webpack-internal:///(rsc)/./node_modules/@auth/core/lib/actions/session.js:30:39)
    at AuthInternal (webpack-internal:///(rsc)/./node_modules/@auth/core/lib/index.js:51:77)
    at async Auth (webpack-internal:///(rsc)/./node_modules/@auth/core/index.js:130:34)
    at async AppRouteRouteModule.do (C:\RIDER FINAL\TEST_RIDER_FINAL\node_modules\next\dist\compiled\next-server\app-route.runtime.dev.js:5:38696)
    at async AppRouteRouteModule.handle (C:\RIDER FINAL\TEST_RIDER_FINAL\node_modules\next\dist\compiled\next-server\app-route.runtime.dev.js:5:45978)
    at async responseGenerator (webpack-internal:///(rsc)/./node_modules/next/dist/build/webpack/loaders/next-app-loader/index.js?name=app%2Fapi%2Fauth%2F%5B...nextauth%5D%2Froute&page=%2Fapi%2Fauth%2F%5B...nextauth%5D%2Froute&appPaths=&pagePath=private-next-app-dir%2Fapi%2Fauth%2F%5B...nextauth%5D%2Froute.ts&appDir=C%3A%5CRIDER%20FINAL%5CTEST_RIDER_FINAL%5Capp&pageExtensions=tsx&pageExtensions=ts&pageExtensions=jsx&pageExtensions=js&rootDir=C%3A%5CRIDER%20FINAL%5CTEST_RIDER_FINAL&isDev=true&tsconfigPath=tsconfig.json&basePath=&assetPrefix=&nextConfigOutput=&preferredRegion=&middlewareConfig=e30%3D&isGlobalNotFoundEnabled=!:203:38)
    at async AppRouteRouteModule.handleResponse (C:\RIDER FINAL\TEST_RIDER_FINAL\node_modules\next\dist\compiled\next-server\app-route.runtime.dev.js:1:195179)
    at async handleResponse (webpack-internal:///(rsc)/./node_modules/next/dist/build/webpack/loaders/next-app-loader/index.js?name=app%2Fapi%2Fauth%2F%5B...nextauth%5D%2Froute&page=%2Fapi%2Fauth%2F%5B...nextauth%5D%2Froute&appPaths=&pagePath=private-next-app-dir%2Fapi%2Fauth%2F%5B...nextauth%5D%2Froute.ts&appDir=C%3A%5CRIDER%20FINAL%5CTEST_RIDER_FINAL%5Capp&pageExtensions=tsx&pageExtensions=ts&pageExtensions=jsx&pageExtensions=js&rootDir=C%3A%5CRIDER%20FINAL%5CTEST_RIDER_FINAL&isDev=true&tsconfigPath=tsconfig.json&basePath=&assetPrefix=&nextConfigOutput=&preferredRegion=&middlewareConfig=e30%3D&isGlobalNotFoundEnabled=!:265:32)
    at async handler (webpack-internal:///(rsc)/./node_modules/next/dist/build/webpack/loaders/next-app-loader/index.js?name=app%2Fapi%2Fauth%2F%5B...nextauth%5D%2Froute&page=%2Fapi%2Fauth%2F%5B...nextauth%5D%2Froute&appPaths=&pagePath=private-next-app-dir%2Fapi%2Fauth%2F%5B...nextauth%5D%2Froute.ts&appDir=C%3A%5CRIDER%20FINAL%5CTEST_RIDER_FINAL%5Capp&pageExtensions=tsx&pageExtensions=ts&pageExtensions=jsx&pageExtensions=js&rootDir=C%3A%5CRIDER%20FINAL%5CTEST_RIDER_FINAL&isDev=true&tsconfigPath=tsconfig.json&basePath=&assetPrefix=&nextConfigOutput=&preferredRegion=&middlewareConfig=e30%3D&isGlobalNotFoundEnabled=!:315:13)
    at async DevServer.renderToResponseWithComponentsImpl (C:\RIDER FINAL\TEST_RIDER_FINAL\node_modules\next\dist\server\base-server.js:1422:9)
    at async DevServer.renderPageComponent (C:\RIDER FINAL\TEST_RIDER_FINAL\node_modules\next\dist\server\base-server.js:1474:24)
    at async DevServer.renderToResponseImpl (C:\RIDER FINAL\TEST_RIDER_FINAL\node_modules\next\dist\server\base-server.js:1514:32)
    at async DevServer.pipeImpl (C:\RIDER FINAL\TEST_RIDER_FINAL\node_modules\next\dist\server\base-server.js:1025:25)
    at async NextNodeServer.handleCatchallRenderRequest (C:\RIDER FINAL\TEST_RIDER_FINAL\node_modules\next\dist\server\next-server.js:393:17)
    at async DevServer.handleRequestImpl (C:\RIDER FINAL\TEST_RIDER_FINAL\node_modules\next\dist\server\base-server.js:916:17)
    at async C:\RIDER FINAL\TEST_RIDER_FINAL\node_modules\next\dist\server\dev\next-dev-server.js:400:20
    at async Span.traceAsyncFn (C:\RIDER FINAL\TEST_RIDER_FINAL\node_modules\next\dist\trace\trace.js:157:20)
    at async DevServer.handleRequest (C:\RIDER FINAL\TEST_RIDER_FINAL\node_modules\next\dist\server\dev\next-dev-server.js:396:24)
    at async invokeRender (C:\RIDER FINAL\TEST_RIDER_FINAL\node_modules\next\dist\server\lib\router-server.js:240:21)
    at async handleRequest (C:\RIDER FINAL\TEST_RIDER_FINAL\node_modules\next\dist\server\lib\router-server.js:437:24)
    at async NextCustomServer.requestHandlerImpl (C:\RIDER FINAL\TEST_RIDER_FINAL\node_modules\next\dist\server\lib\router-server.js:485:13)
[2026-02-28T00:31:15.775Z] [dev:stderr] [31m[auth][details][0m: {}
[2026-02-28T00:31:15.781Z] [dev]  GET /api/auth/session 200 in 1494ms
[2026-02-28T00:31:15.812Z] [dev] [36mINFO [0m [ws-server] Client connected (unauthenticated mode)
[2026-02-28T00:31:15.840Z] [dev] [36mINFO [0m [ws-server] Client disconnected {"code":1005}
[2026-02-28T00:31:15.854Z] [dev] {"level":"info","component":"middleware","message":"Request","data":{"timestamp":"2026-02-28T00:31:15.854Z","requestId":"20be82e8-b574-4747-bb13-4a2155965a46","method":"GET","path":"/api/ws","durationMs":1}}
[2026-02-28T00:31:16.258Z] [dev] [dev-local] Starting SwarmUI at http://127.0.0.1:57108 (tmp=C:\Users\roryb\AppData\Local\Temp\swarm-ui-dev, dist=C:\RIDER FINAL\TEST_RIDER_FINAL\.tmp\.next-dev)
[2026-02-28T00:31:22.678Z] [dev]  ○ Compiling /instrumentation ...
[2026-02-28T00:31:22.763Z] [dev]  ✓ Compiled /instrumentation in 1060ms (290 modules)
[2026-02-28T00:31:23.106Z] [dev] [telemetry] OpenTelemetry initialized for swarm-ui
[2026-02-28T00:31:23.106Z] [dev] [telemetry] Exporting traces to http://localhost:4318/v1/traces
[2026-02-28T00:31:23.124Z] [dev] [36mINFO [0m [ws-server] WebSocket server attached to HTTP server
[2026-02-28T00:31:23.125Z] [dev] [36mINFO [0m [ws-server] WebSocket endpoint {"path":"/api/ws"}
[2026-02-28T00:31:23.127Z] [dev] [36mINFO [0m [lsp-server] LSP WebSocket server initialized
[2026-02-28T00:31:23.129Z] [dev] [36mINFO [0m [server] SwarmUI ready on http://127.0.0.1:57108
[2026-02-28T00:31:23.129Z] [dev] [36mINFO [0m [server] WebSocket server attached to same port at /api/ws
[2026-02-28T00:31:23.129Z] [dev] [36mINFO [0m [server] LSP WebSocket server available at /api/lsp/ws
[2026-02-28T00:31:23.130Z] [dev] [36mINFO [0m [server] Mode: development
[2026-02-28T00:31:23.131Z] [dev] [36mINFO [0m [ws-server] Scheduler initialized and started
[2026-02-28T00:31:23.413Z] [dev]  ✓ Compiled /middleware in 147ms (160 modules)
[2026-02-28T00:31:23.535Z] [dev] {"level":"info","component":"middleware","message":"Request","data":{"timestamp":"2026-02-28T00:31:23.534Z","requestId":"bffef2dd-4e65-4676-92c5-29652699f704","method":"GET","path":"/api/health/live","durationMs":2,"userAgent":"node","ip":"127.0.0.1"}}
[2026-02-28T00:31:24.014Z] [dev]  ✓ Compiled /api/health/live in 467ms (612 modules)
[2026-02-28T00:31:24.245Z] [dev]  GET /api/health/live 200 in 703ms
[2026-02-28T00:31:24.258Z] [dev] {"level":"info","component":"middleware","message":"Request","data":{"timestamp":"2026-02-28T00:31:24.258Z","requestId":"3be12d60-27dc-4a9a-841b-41797611d110","method":"GET","path":"/api/health/ready","durationMs":1,"userAgent":"node","ip":"127.0.0.1"}}
[2026-02-28T00:31:24.777Z] [dev]  ○ Compiling /api/health/ready ...
[2026-02-28T00:31:25.212Z] [dev]  ✓ Compiled /api/health/ready in 938ms (1095 modules)
[2026-02-28T00:31:25.597Z] [dev]  GET /api/health/ready 200 in 1336ms
[2026-02-28T00:31:25.611Z] [dev] {"level":"info","component":"middleware","message":"Request","data":{"timestamp":"2026-02-28T00:31:25.611Z","requestId":"e3bd226e-6035-4d0e-a020-2d2738f60271","method":"GET","path":"/api/health/live","durationMs":1,"userAgent":"node","ip":"127.0.0.1"}}
[2026-02-28T00:31:25.659Z] [dev]  GET /api/health/live 200 in 46ms
[2026-02-28T00:31:25.668Z] [dev] {"level":"info","component":"middleware","message":"Request","data":{"timestamp":"2026-02-28T00:31:25.668Z","requestId":"83ba2806-8ad0-4562-80cb-a1d8a1e6c9d5","method":"GET","path":"/api/health/ready","durationMs":0,"userAgent":"node","ip":"127.0.0.1"}}
[2026-02-28T00:31:25.712Z] [dev]  GET /api/health/ready 200 in 42ms
[2026-02-28T00:31:25.722Z] [dev] {"level":"info","component":"middleware","message":"Request","data":{"timestamp":"2026-02-28T00:31:25.721Z","requestId":"3df3fe77-dc1c-45aa-9972-0cf0edcf6133","method":"GET","path":"/api/auth/session","durationMs":0,"userAgent":"node","ip":"127.0.0.1"}}
[2026-02-28T00:31:26.079Z] [dev]  ✓ Compiled /api/auth/[...nextauth] in 338ms (1097 modules)
[2026-02-28T00:31:27.243Z] [dev:stderr] [31m[auth][error][0m JWTSessionError: Read more at https://errors.authjs.dev#jwtsessionerror
[2026-02-28T00:31:27.243Z] [dev:stderr] [31m[auth][cause][0m: JWEInvalid: Invalid Compact JWE
    at compactDecrypt (webpack-internal:///(rsc)/./node_modules/jose/dist/webapi/jwe/compact/decrypt.js:20:15)
    at jwtDecrypt (webpack-internal:///(rsc)/./node_modules/jose/dist/webapi/jwt/decrypt.js:12:100)
    at Object.decode (webpack-internal:///(rsc)/./node_modules/@auth/core/jwt.js:82:79)
    at Module.session (webpack-internal:///(rsc)/./node_modules/@auth/core/lib/actions/session.js:30:39)
    at AuthInternal (webpack-internal:///(rsc)/./node_modules/@auth/core/lib/index.js:51:77)
    at async Auth (webpack-internal:///(rsc)/./node_modules/@auth/core/index.js:130:34)
    at async AppRouteRouteModule.do (C:\RIDER FINAL\TEST_RIDER_FINAL\node_modules\next\dist\compiled\next-server\app-route.runtime.dev.js:5:38696)
    at async AppRouteRouteModule.handle (C:\RIDER FINAL\TEST_RIDER_FINAL\node_modules\next\dist\compiled\next-server\app-route.runtime.dev.js:5:45978)
    at async responseGenerator (webpack-internal:///(rsc)/./node_modules/next/dist/build/webpack/loaders/next-app-loader/index.js?name=app%2Fapi%2Fauth%2F%5B...nextauth%5D%2Froute&page=%2Fapi%2Fauth%2F%5B...nextauth%5D%2Froute&appPaths=&pagePath=private-next-app-dir%2Fapi%2Fauth%2F%5B...nextauth%5D%2Froute.ts&appDir=C%3A%5CRIDER%20FINAL%5CTEST_RIDER_FINAL%5Capp&pageExtensions=tsx&pageExtensions=ts&pageExtensions=jsx&pageExtensions=js&rootDir=C%3A%5CRIDER%20FINAL%5CTEST_RIDER_FINAL&isDev=true&tsconfigPath=tsconfig.json&basePath=&assetPrefix=&nextConfigOutput=&preferredRegion=&middlewareConfig=e30%3D&isGlobalNotFoundEnabled=!:203:38)
    at async AppRouteRouteModule.handleResponse (C:\RIDER FINAL\TEST_RIDER_FINAL\node_modules\next\dist\compiled\next-server\app-route.runtime.dev.js:1:195179)
    at async handleResponse (webpack-internal:///(rsc)/./node_modules/next/dist/build/webpack/loaders/next-app-loader/index.js?name=app%2Fapi%2Fauth%2F%5B...nextauth%5D%2Froute&page=%2Fapi%2Fauth%2F%5B...nextauth%5D%2Froute&appPaths=&pagePath=private-next-app-dir%2Fapi%2Fauth%2F%5B...nextauth%5D%2Froute.ts&appDir=C%3A%5CRIDER%20FINAL%5CTEST_RIDER_FINAL%5Capp&pageExtensions=tsx&pageExtensions=ts&pageExtensions=jsx&pageExtensions=js&rootDir=C%3A%5CRIDER%20FINAL%5CTEST_RIDER_FINAL&isDev=true&tsconfigPath=tsconfig.json&basePath=&assetPrefix=&nextConfigOutput=&preferredRegion=&middlewareConfig=e30%3D&isGlobalNotFoundEnabled=!:265:32)
    at async handler (webpack-internal:///(rsc)/./node_modules/next/dist/build/webpack/loaders/next-app-loader/index.js?name=app%2Fapi%2Fauth%2F%5B...nextauth%5D%2Froute&page=%2Fapi%2Fauth%2F%5B...nextauth%5D%2Froute&appPaths=&pagePath=private-next-app-dir%2Fapi%2Fauth%2F%5B...nextauth%5D%2Froute.ts&appDir=C%3A%5CRIDER%20FINAL%5CTEST_RIDER_FINAL%5Capp&pageExtensions=tsx&pageExtensions=ts&pageExtensions=jsx&pageExtensions=js&rootDir=C%3A%5CRIDER%20FINAL%5CTEST_RIDER_FINAL&isDev=true&tsconfigPath=tsconfig.json&basePath=&assetPrefix=&nextConfigOutput=&preferredRegion=&middlewareConfig=e30%3D&isGlobalNotFoundEnabled=!:315:13)
    at async DevServer.renderToResponseWithComponentsImpl (C:\RIDER FINAL\TEST_RIDER_FINAL\node_modules\next\dist\server\base-server.js:1422:9)
    at async DevServer.renderPageComponent (C:\RIDER FINAL\TEST_RIDER_FINAL\node_modules\next\dist\server\base-server.js:1474:24)
    at async DevServer.renderToResponseImpl (C:\RIDER FINAL\TEST_RIDER_FINAL\node_modules\next\dist\server\base-server.js:1514:32)
    at async DevServer.pipeImpl (C:\RIDER FINAL\TEST_RIDER_FINAL\node_modules\next\dist\server\base-server.js:1025:25)
    at async NextNodeServer.handleCatchallRenderRequest (C:\RIDER FINAL\TEST_RIDER_FINAL\node_modules\next\dist\server\next-server.js:393:17)
    at async DevServer.handleRequestImpl (C:\RIDER FINAL\TEST_RIDER_FINAL\node_modules\next\dist\server\base-server.js:916:17)
    at async C:\RIDER FINAL\TEST_RIDER_FINAL\node_modules\next\dist\server\dev\next-dev-server.js:400:20
    at async Span.traceAsyncFn (C:\RIDER FINAL\TEST_RIDER_FINAL\node_modules\next\dist\trace\trace.js:157:20)
    at async DevServer.handleRequest (C:\RIDER FINAL\TEST_RIDER_FINAL\node_modules\next\dist\server\dev\next-dev-server.js:396:24)
    at async invokeRender (C:\RIDER FINAL\TEST_RIDER_FINAL\node_modules\next\dist\server\lib\router-server.js:240:21)
    at async handleRequest (C:\RIDER FINAL\TEST_RIDER_FINAL\node_modules\next\dist\server\lib\router-server.js:437:24)
    at async NextCustomServer.requestHandlerImpl (C:\RIDER FINAL\TEST_RIDER_FINAL\node_modules\next\dist\server\lib\router-server.js:485:13)
[2026-02-28T00:31:27.243Z] [dev:stderr] [31m[auth][details][0m: {}
[2026-02-28T00:31:27.249Z] [dev]  GET /api/auth/session 200 in 1521ms
[2026-02-28T00:31:27.252Z] [dev] [36mINFO [0m [ws-server] Client connected (unauthenticated mode)
[2026-02-28T00:31:27.258Z] [dev] [36mINFO [0m [ws-server] Client disconnected {"code":1005}
[2026-02-28T00:31:27.271Z] [dev] {"level":"info","component":"middleware","message":"Request","data":{"timestamp":"2026-02-28T00:31:27.270Z","requestId":"e6c1e5af-edce-49fd-9bef-aca65973a3f5","method":"GET","path":"/api/ws","durationMs":0}}
